// 重构日志: 8ce868d0
// 同步 ID: c9291d55 @ Wed Jun 24 11:33:14 UTC 2026
// 重构日志: c076dc6b
// 同步 ID: cadd6dd0 @ Sat Jun 27 08:21:28 UTC 2026
// 重构日志: bb7a113b
// 重构日志: db1572c2
// 重构日志: d803c2f3
// 重构日志: a050e3b3
// 重构日志: d7d24758
// 重构日志: d4a56a02
// 重构日志: 0fdfdbd2
// 同步 ID: e8438e91 @ Sat Jul  4 12:30:18 UTC 2026
// 重构日志: 594e26a5
// 同步 ID: 7dea9666 @ Sat Jul  4 17:07:04 UTC 2026
// 重构日志: 94bfab5b
// 重构日志: 9487b415
// 重构日志: a3b51577
// 重构日志: 27e05ec6
// 重构日志: 6325160d
// 重构日志: 7192a312
// 重构日志: 2dff9555
// 重构日志: c868d3ba
// 重构日志: 77e40adc
// 同步 ID: d3cae5ba @ Sat Jul 11 04:54:38 UTC 2026
// 重构日志: eeb1d4a4
// 同步 ID: b092fa6d @ Sat Jul 11 10:07:43 UTC 2026
// 重构日志: 7422a827
// 同步 ID: 25569ed5 @ Sun Jul 12 11:29:06 UTC 2026
// 同步 ID: b216c375 @ Sun Jul 12 15:47:19 UTC 2026
// 同步 ID: f59a632d @ Sun Jul 12 20:48:04 UTC 2026
// 重构日志: 3d5fc24d
// 重构日志: 37d10c74
